<?xml version="1.0" encoding="UTF-8"?>
<!-- Generated by org.testng.reporters.JUnitReportReporter -->
<testsuite hostname="retailcdb-zw1" failures="0" tests="1" name="test1.testjen1" time="36.569" errors="0" timestamp="2023-12-01T01:49:25 EST" skipped="0">
  <testcase classname="test1.testjen1" name="launchBrowser" time="36.569"/>
  <system-out/>
</testsuite> <!-- test1.testjen1 -->
